\BOOKMARK [1][-]{section.1}{Introduction}{}% 1
\BOOKMARK [1][-]{section.2}{Perspectives}{}% 2
\BOOKMARK [1][-]{section.3}{Previous\040Work}{}% 3
\BOOKMARK [1][-]{section.4}{Preliminaries}{}% 4
\BOOKMARK [2][-]{subsection.4.1}{Martin-Löf Type Theory}{section.4}% 5
\BOOKMARK [3][-]{subsubsection.4.1.1}{Judgments}{subsection.4.1}% 6
\BOOKMARK [2][-]{subsection.4.2}{Grammatical\040Framework}{section.4}% 7
\BOOKMARK [3][-]{subsubsection.4.2.1}{Overview}{subsection.4.2}% 8
\BOOKMARK [3][-]{subsubsection.4.2.2}{Overview}{subsection.4.2}% 9
\BOOKMARK [3][-]{subsubsection.4.2.3}{Theoretical\040Overview}{subsection.4.2}% 10
\BOOKMARK [3][-]{subsubsection.4.2.4}{Some\040preliminary\040observations\040and\040considerations}{subsection.4.2}% 11
\BOOKMARK [3][-]{subsubsection.4.2.5}{A\040grammar\040for\040basic\040arithmetic}{subsection.4.2}% 12
\BOOKMARK [3][-]{subsubsection.4.2.6}{The\040GF\040shell}{subsection.4.2}% 13
\BOOKMARK [2][-]{subsection.4.3}{Agda}{section.4}% 14
\BOOKMARK [2][-]{subsection.4.4}{Natural\040Language\040and\040Mathematics}{section.4}% 15
\BOOKMARK [1][-]{section.5}{HoTT\040Proofs}{}% 16
\BOOKMARK [2][-]{subsection.5.1}{Why\040HoTT\040for\040natural\040language?}{section.5}% 17
\BOOKMARK [2][-]{subsection.5.2}{An\040introduction\040to\040equality}{section.5}% 18
\BOOKMARK [2][-]{subsection.5.3}{All\040about\040Identity}{section.5}% 19
\BOOKMARK [1][-]{section.6}{GF\040Grammar\040for\040types}{}% 20
\BOOKMARK [1][-]{section.7}{Goals\040and\040Challenges}{}% 21
\BOOKMARK [1][-]{section.8}{Code}{}% 22
\BOOKMARK [2][-]{subsection.8.1}{GF\040Parser}{section.8}% 23
\BOOKMARK [2][-]{subsection.8.2}{Additional\040Agda\040Hott\040Code}{section.8}% 24
\BOOKMARK [1][-]{section.9}{Example\040section\040\(heading\040level\0401\)}{}% 25
\BOOKMARK [2][-]{subsection.9.1}{Example\040subsection\040\(heading\040level\0402\)}{section.9}% 26
\BOOKMARK [3][-]{subsubsection.9.1.1}{Example\040subsubsection\040\(heading\040level\0403\)}{subsection.9.1}% 27
\BOOKMARK [1][-]{subsubsection.9.1.1}{References}{}% 28
\BOOKMARK [1][-]{section.10}{Appendices}{}% 29
